manifest-merger-release-report.txt
-- Merging decision tree log ---
manifest
ADDED from AndroidManifest.xml:2:1
	xmlns:tools
		ADDED from AndroidManifest.xml:3:5
	xmlns:android
		ADDED from AndroidManifest.xml:2:11
	package
		ADDED from AndroidManifest.xml:4:5
	android:versionName
		ADDED from AndroidManifest.xml:6:5
	android:versionCode
		ADDED from AndroidManifest.xml:5:5
		INJECTED from AndroidManifest.xml:0:0
		INJECTED from AndroidManifest.xml:0:0
uses-sdk
ADDED from AndroidManifest.xml:8:5
MERGED from com.android.support:appcompat-v7:19.1.0:18:5
MERGED from com.android.support:support-v4:20.0.0:16:5
MERGED from com.viewpagerindicator:library:2.4.1:3:5
MERGED from de.hdodenhof:circleimageview:1.2.0:5:5
MERGED from com.helpshift:android-aar:3.6.0:11:5
MERGED from com.google.maps.android:android-maps-utils:0.3.4:5:5
MERGED from unifi:facebook:unspecified:20:5
MERGED from com.android.support:support-v4:20.0.0:16:5
MERGED from unifi:google-directions:unspecified:7:5
MERGED from com.google.android.gms:play-services:3.2.65:7:5
MERGED from com.android.support:support-v4:20.0.0:16:5
MERGED from com.pascalwelsch.holocircularprogressbar:circular-progress-bar:1.3:7:5
MERGED from unifi.libraries:AndroidBootstrap:unspecified:7:5
MERGED from com.crashlytics.sdk.android:crashlytics:2.2.1:7:5
MERGED from com.crashlytics.sdk.android:answers:1.1.1:7:5
MERGED from io.fabric.sdk.android:fabric:1.1.1:7:5
MERGED from io.fabric.sdk.android:fabric:1.1.1:7:5
MERGED from com.crashlytics.sdk.android:beta:1.1.1:7:5
MERGED from io.fabric.sdk.android:fabric:1.1.1:7:5
	android:targetSdkVersion
		ADDED from AndroidManifest.xml:10:9
		INJECTED from AndroidManifest.xml:0:0
		INJECTED from AndroidManifest.xml:0:0
	android:minSdkVersion
		ADDED from AndroidManifest.xml:9:9
		INJECTED from AndroidManifest.xml:0:0
		INJECTED from AndroidManifest.xml:0:0
	tools:ignore
		ADDED from com.pascalwelsch.holocircularprogressbar:circular-progress-bar:1.3:10:9
uses-permission#android.permission.INTERNET
ADDED from AndroidManifest.xml:12:5
MERGED from com.helpshift:android-aar:3.6.0:7:5
MERGED from com.crashlytics.sdk.android:crashlytics:2.2.1:9:5
	android:name
		ADDED from AndroidManifest.xml:12:22
uses-permission#android.permission.ACCESS_NETWORK_STATE
ADDED from AndroidManifest.xml:13:5
MERGED from com.helpshift:android-aar:3.6.0:8:5
	android:name
		ADDED from AndroidManifest.xml:13:22
uses-permission#android.permission.ACCESS_WIFI_STATE
ADDED from AndroidManifest.xml:14:5
	android:name
		ADDED from AndroidManifest.xml:14:22
uses-permission#android.permission.CHANGE_WIFI_STATE
ADDED from AndroidManifest.xml:15:5
	android:name
		ADDED from AndroidManifest.xml:15:22
uses-permission#android.permission.CHANGE_NETWORK_STATE
ADDED from AndroidManifest.xml:16:5
	android:name
		ADDED from AndroidManifest.xml:16:22
uses-permission#android.permission.WRITE_EXTERNAL_STORAGE
ADDED from AndroidManifest.xml:17:5
MERGED from com.helpshift:android-aar:3.6.0:9:5
	android:name
		ADDED from AndroidManifest.xml:17:22
uses-permission#com.android.launcher.permission.INSTALL_SHORTCUT
ADDED from AndroidManifest.xml:18:5
	android:name
		ADDED from AndroidManifest.xml:18:22
uses-permission#com.android.browser.permission.WRITE_HISTORY_BOOKMARKS
ADDED from AndroidManifest.xml:19:5
	android:name
		ADDED from AndroidManifest.xml:19:22
uses-permission#com.android.browser.permission.READ_HISTORY_BOOKMARKS
ADDED from AndroidManifest.xml:20:5
	android:name
		ADDED from AndroidManifest.xml:20:22
uses-permission#android.permission.READ_CONTACTS
ADDED from AndroidManifest.xml:21:5
	android:name
		ADDED from AndroidManifest.xml:21:22
uses-permission#android.permission.GET_ACCOUNTS
ADDED from AndroidManifest.xml:22:5
	android:name
		ADDED from AndroidManifest.xml:22:22
uses-permission#android.permission.USE_CREDENTIALS
ADDED from AndroidManifest.xml:23:5
	android:name
		ADDED from AndroidManifest.xml:23:22
uses-permission#android.permission.WAKE_LOCK
ADDED from AndroidManifest.xml:24:5
	android:name
		ADDED from AndroidManifest.xml:24:22
uses-permission#com.android.vending.BILLING
ADDED from AndroidManifest.xml:25:5
	android:name
		ADDED from AndroidManifest.xml:25:22
uses-permission#com.google.android.c2dm.permission.RECEIVE
ADDED from AndroidManifest.xml:26:5
	android:name
		ADDED from AndroidManifest.xml:26:22
uses-permission#android.permission.RECEIVE_BOOT_COMPLETED
ADDED from AndroidManifest.xml:27:5
	android:name
		ADDED from AndroidManifest.xml:27:22
uses-permission#android.permission.READ_PHONE_STATE
ADDED from AndroidManifest.xml:28:5
	android:name
		ADDED from AndroidManifest.xml:28:22
permission#com.unifiapp.permission.C2D_MESSAGE
ADDED from AndroidManifest.xml:30:5
	android:protectionLevel
		ADDED from AndroidManifest.xml:32:9
	android:name
		ADDED from AndroidManifest.xml:31:9
uses-permission#com.unifiapp.permission.C2D_MESSAGE
ADDED from AndroidManifest.xml:34:5
	android:name
		ADDED from AndroidManifest.xml:34:22
uses-permission#com.google.android.providers.gsf.permission.READ_GSERVICES
ADDED from AndroidManifest.xml:36:5
	android:name
		ADDED from AndroidManifest.xml:36:22
uses-permission#android.permission.ACCESS_COARSE_LOCATION
ADDED from AndroidManifest.xml:37:5
	android:name
		ADDED from AndroidManifest.xml:37:22
uses-permission#android.permission.ACCESS_FINE_LOCATION
ADDED from AndroidManifest.xml:38:5
	android:name
		ADDED from AndroidManifest.xml:38:22
uses-feature#0x00020000
ADDED from AndroidManifest.xml:40:5
	android:required
		ADDED from AndroidManifest.xml:42:9
	android:glEsVersion
		ADDED from AndroidManifest.xml:41:9
application
ADDED from AndroidManifest.xml:44:5
MERGED from com.android.support:appcompat-v7:19.1.0:19:5
MERGED from com.android.support:support-v4:20.0.0:17:5
MERGED from de.hdodenhof:circleimageview:1.2.0:9:5
MERGED from com.helpshift:android-aar:3.6.0:15:5
MERGED from com.google.maps.android:android-maps-utils:0.3.4:7:5
MERGED from unifi:facebook:unspecified:24:5
MERGED from com.android.support:support-v4:20.0.0:17:5
MERGED from com.android.support:support-v4:20.0.0:17:5
MERGED from unifi.libraries:AndroidBootstrap:unspecified:11:5
MERGED from com.crashlytics.sdk.android:crashlytics:2.2.1:11:5
MERGED from com.crashlytics.sdk.android:answers:1.1.1:9:5
MERGED from io.fabric.sdk.android:fabric:1.1.1:9:5
MERGED from io.fabric.sdk.android:fabric:1.1.1:9:5
MERGED from com.crashlytics.sdk.android:beta:1.1.1:9:5
MERGED from io.fabric.sdk.android:fabric:1.1.1:9:5
	android:label
		ADDED from AndroidManifest.xml:46:9
	android:icon
		ADDED from AndroidManifest.xml:45:9
activity#com.unifiapp.view.SplashScreen
ADDED from AndroidManifest.xml:47:9
	android:label
		ADDED from AndroidManifest.xml:49:13
	android:theme
		ADDED from AndroidManifest.xml:50:13
	android:name
		ADDED from AndroidManifest.xml:48:13
intent-filter#android.intent.action.MAIN+android.intent.category.LAUNCHER
ADDED from AndroidManifest.xml:51:13
action#android.intent.action.MAIN
ADDED from AndroidManifest.xml:52:17
	android:name
		ADDED from AndroidManifest.xml:52:25
category#android.intent.category.LAUNCHER
ADDED from AndroidManifest.xml:54:17
	android:name
		ADDED from AndroidManifest.xml:54:27
activity#com.unifiapp.MainActivity
ADDED from AndroidManifest.xml:57:9
	android:windowSoftInputMode
		ADDED from AndroidManifest.xml:62:13
	android:label
		ADDED from AndroidManifest.xml:60:13
	android:theme
		ADDED from AndroidManifest.xml:61:13
	android:hardwareAccelerated
		ADDED from AndroidManifest.xml:59:13
	android:name
		ADDED from AndroidManifest.xml:58:13
intent-filter#android.intent.category.DEFAULT
ADDED from AndroidManifest.xml:63:13
category#android.intent.category.DEFAULT
ADDED from AndroidManifest.xml:64:17
	android:name
		ADDED from AndroidManifest.xml:64:27
activity#com.facebook.LoginActivity
ADDED from AndroidManifest.xml:67:9
	android:label
		ADDED from AndroidManifest.xml:69:13
	android:theme
		ADDED from AndroidManifest.xml:70:13
	android:name
		ADDED from AndroidManifest.xml:68:13
intent-filter#android.intent.action.VIEW+android.intent.category.BROWSABLE+android.intent.category.DEFAULT
ADDED from AndroidManifest.xml:72:9
data
ADDED from AndroidManifest.xml:73:13
	android:host
		ADDED from AndroidManifest.xml:74:17
	android:scheme
		ADDED from AndroidManifest.xml:75:17
action#android.intent.action.VIEW
ADDED from AndroidManifest.xml:77:13
	android:name
		ADDED from AndroidManifest.xml:77:21
category#android.intent.category.BROWSABLE
ADDED from AndroidManifest.xml:80:13
	android:name
		ADDED from AndroidManifest.xml:80:23
meta-data#com.facebook.sdk.ApplicationId
ADDED from AndroidManifest.xml:83:9
	android:name
		ADDED from AndroidManifest.xml:84:13
	android:value
		ADDED from AndroidManifest.xml:85:13
provider#com.facebook.NativeAppCallContentProvider
ADDED from AndroidManifest.xml:87:9
	android:exported
		ADDED from AndroidManifest.xml:90:13
	android:authorities
		ADDED from AndroidManifest.xml:89:13
	android:name
		ADDED from AndroidManifest.xml:88:13
receiver#com.unifiapp.receiver.GcmBroadcastReceiver
ADDED from AndroidManifest.xml:92:9
	android:permission
		ADDED from AndroidManifest.xml:94:13
	android:name
		ADDED from AndroidManifest.xml:93:13
intent-filter#com.google.android.c2dm.intent.RECEIVE+com.google.android.c2dm.intent.REGISTRATION+com.unifiapp
ADDED from AndroidManifest.xml:95:13
action#com.google.android.c2dm.intent.RECEIVE
ADDED from AndroidManifest.xml:96:17
	android:name
		ADDED from AndroidManifest.xml:96:25
action#com.google.android.c2dm.intent.REGISTRATION
ADDED from AndroidManifest.xml:97:17
	android:name
		ADDED from AndroidManifest.xml:97:25
category#com.unifiapp
ADDED from AndroidManifest.xml:98:17
	android:name
		ADDED from AndroidManifest.xml:98:27
receiver#com.unifiapp.receiver.BootReceiver
ADDED from AndroidManifest.xml:102:9
	android:exported
		ADDED from AndroidManifest.xml:105:13
	android:enabled
		ADDED from AndroidManifest.xml:104:13
	android:name
		ADDED from AndroidManifest.xml:103:13
intent-filter#android.intent.action.BOOT_COMPLETED
ADDED from AndroidManifest.xml:106:13
action#android.intent.action.BOOT_COMPLETED
ADDED from AndroidManifest.xml:107:17
	android:name
		ADDED from AndroidManifest.xml:107:25
service#com.unifiapp.service.GcmIntentService
ADDED from AndroidManifest.xml:111:9
	android:name
		ADDED from AndroidManifest.xml:111:18
service#com.unifiapp.service.ConnectToWifi
ADDED from AndroidManifest.xml:112:9
	android:name
		ADDED from AndroidManifest.xml:112:18
service#com.unifiapp.service.Statistics
ADDED from AndroidManifest.xml:113:9
	android:name
		ADDED from AndroidManifest.xml:113:18
meta-data#com.crashlytics.ApiKey
ADDED from AndroidManifest.xml:115:9
	android:name
		ADDED from AndroidManifest.xml:116:13
	android:value
		ADDED from AndroidManifest.xml:117:13
meta-data#com.google.android.maps.v2.API_KEY
ADDED from AndroidManifest.xml:118:9
	android:name
		ADDED from AndroidManifest.xml:119:13
	android:value
		ADDED from AndroidManifest.xml:120:13
service#com.unifiapp.vpn.logic.VpnStateService
ADDED from AndroidManifest.xml:128:9
	android:exported
		ADDED from AndroidManifest.xml:130:13
	android:name
		ADDED from AndroidManifest.xml:129:13
service#com.unifiapp.vpn.logic.CharonVpnService
ADDED from AndroidManifest.xml:132:9
	android:exported
		ADDED from AndroidManifest.xml:134:13
	android:permission
		ADDED from AndroidManifest.xml:135:13
	android:name
		ADDED from AndroidManifest.xml:133:13
intent-filter#android.net.VpnService
ADDED from AndroidManifest.xml:136:13
action#android.net.VpnService
ADDED from AndroidManifest.xml:137:17
	android:name
		ADDED from AndroidManifest.xml:137:25
provider#com.unifiapp.vpn.data.LogContentProvider
ADDED from AndroidManifest.xml:141:9
	android:exported
		ADDED from AndroidManifest.xml:144:13
	android:authorities
		ADDED from AndroidManifest.xml:143:13
	android:name
		ADDED from AndroidManifest.xml:142:13
activity#com.helpshift.HSConversation
ADDED from com.helpshift:android-aar:3.6.0:16:9
	android:label
		ADDED from com.helpshift:android-aar:3.6.0:19:13
	android:configChanges
		ADDED from com.helpshift:android-aar:3.6.0:18:13
	android:theme
		ADDED from com.helpshift:android-aar:3.6.0:20:13
	android:name
		ADDED from com.helpshift:android-aar:3.6.0:17:13
activity#com.helpshift.HSQuestionsList
ADDED from com.helpshift:android-aar:3.6.0:21:9
	android:configChanges
		ADDED from com.helpshift:android-aar:3.6.0:23:13
	android:theme
		ADDED from com.helpshift:android-aar:3.6.0:24:13
	android:name
		ADDED from com.helpshift:android-aar:3.6.0:22:13
activity#com.helpshift.HSQuestion
ADDED from com.helpshift:android-aar:3.6.0:25:9
	android:label
		ADDED from com.helpshift:android-aar:3.6.0:29:13
	android:configChanges
		ADDED from com.helpshift:android-aar:3.6.0:27:13
	android:theme
		ADDED from com.helpshift:android-aar:3.6.0:30:13
	android:hardwareAccelerated
		ADDED from com.helpshift:android-aar:3.6.0:28:13
	android:name
		ADDED from com.helpshift:android-aar:3.6.0:26:13
activity#com.helpshift.HSSection
ADDED from com.helpshift:android-aar:3.6.0:31:9
	android:windowSoftInputMode
		ADDED from com.helpshift:android-aar:3.6.0:36:13
	android:configChanges
		ADDED from com.helpshift:android-aar:3.6.0:33:13
	android:theme
		ADDED from com.helpshift:android-aar:3.6.0:35:13
	android:hardwareAccelerated
		ADDED from com.helpshift:android-aar:3.6.0:34:13
	android:name
		ADDED from com.helpshift:android-aar:3.6.0:32:13
activity#com.helpshift.HSFaqs
ADDED from com.helpshift:android-aar:3.6.0:37:9
	android:windowSoftInputMode
		ADDED from com.helpshift:android-aar:3.6.0:43:13
	android:label
		ADDED from com.helpshift:android-aar:3.6.0:41:13
	android:configChanges
		ADDED from com.helpshift:android-aar:3.6.0:39:13
	android:theme
		ADDED from com.helpshift:android-aar:3.6.0:42:13
	android:hardwareAccelerated
		ADDED from com.helpshift:android-aar:3.6.0:40:13
	android:name
		ADDED from com.helpshift:android-aar:3.6.0:38:13
activity#com.helpshift.HSReview
ADDED from com.helpshift:android-aar:3.6.0:44:9
	android:configChanges
		ADDED from com.helpshift:android-aar:3.6.0:46:13
	android:theme
		ADDED from com.helpshift:android-aar:3.6.0:47:13
	android:name
		ADDED from com.helpshift:android-aar:3.6.0:45:13
activity#com.helpshift.ScreenshotPreviewActivity
ADDED from com.helpshift:android-aar:3.6.0:48:9
	android:theme
		ADDED from com.helpshift:android-aar:3.6.0:50:13
	android:name
		ADDED from com.helpshift:android-aar:3.6.0:49:13
activity#com.helpshift.SearchResultActivity
ADDED from com.helpshift:android-aar:3.6.0:51:9
	android:theme
		ADDED from com.helpshift:android-aar:3.6.0:53:13
	android:name
		ADDED from com.helpshift:android-aar:3.6.0:52:13
service#com.helpshift.HSService
ADDED from com.helpshift:android-aar:3.6.0:55:9
	android:label
		ADDED from com.helpshift:android-aar:3.6.0:57:13
	android:name
		ADDED from com.helpshift:android-aar:3.6.0:56:13
service#com.helpshift.HSRetryService
ADDED from com.helpshift:android-aar:3.6.0:59:9
	android:label
		ADDED from com.helpshift:android-aar:3.6.0:61:13
	android:name
		ADDED from com.helpshift:android-aar:3.6.0:60:13
android:uses-permission#android.permission.READ_EXTERNAL_STORAGE
IMPLIED from AndroidManifest.xml:2:1 reason: com.helpshift requested WRITE_EXTERNAL_STORAGE